==========================准备生成文件...==========================
创建目录： [D:\workSpace\LearnJava/src/main/java\com\baomidou\ant\user\entity]
创建目录： [D:\workSpace\LearnJava/src/main/java\com\baomidou\ant\user\controller]
创建目录： [D:\workSpace\LearnJava/src/main/java\com\baomidou\ant\user\mapper\xml]
创建目录： [D:\workSpace\LearnJava/src/main/java\com\baomidou\ant\user\service]
创建目录： [D:\workSpace\LearnJava/src/main/java\com\baomidou\ant\user\service\impl]
Couldn't find template in cache for "templates/mapper.xml.ftl"("zh_CN", UTF-8, parsed); will try to load it.
TemplateLoader.findTemplateSource("templates/mapper.xml_zh_CN.ftl"): Not found
TemplateLoader.findTemplateSource("templates/mapper.xml_zh.ftl"): Not found
TemplateLoader.findTemplateSource("templates/mapper.xml.ftl"): Found
Loading template for "templates/mapper.xml.ftl"("zh_CN", UTF-8, parsed) from "jar:file:/C:/Users/29507/.m2/repository/com/baomidou/mybatis-plus-generator/3.3.0/mybatis-plus-generator-3.3.0.jar!/templates/mapper.xml.ftl"
模板:/templates/mapper.xml.ftl;  文件:D:\workSpace\LearnJava/src/main/resources/mapper/user/UserMapper.xml
Couldn't find template in cache for "templates/entity.java.ftl"("zh_CN", UTF-8, parsed); will try to load it.
TemplateLoader.findTemplateSource("templates/entity.java_zh_CN.ftl"): Not found
TemplateLoader.findTemplateSource("templates/entity.java_zh.ftl"): Not found
TemplateLoader.findTemplateSource("templates/entity.java.ftl"): Found
Loading template for "templates/entity.java.ftl"("zh_CN", UTF-8, parsed) from "jar:file:/C:/Users/29507/.m2/repository/com/baomidou/mybatis-plus-generator/3.3.0/mybatis-plus-generator-3.3.0.jar!/templates/entity.java.ftl"
模板:/templates/entity.java.ftl;  文件:D:\workSpace\LearnJava/src/main/java\com\baomidou\ant\user\entity\User.java
Couldn't find template in cache for "templates/mapper.java.ftl"("zh_CN", UTF-8, parsed); will try to load it.
TemplateLoader.findTemplateSource("templates/mapper.java_zh_CN.ftl"): Not found
TemplateLoader.findTemplateSource("templates/mapper.java_zh.ftl"): Not found
TemplateLoader.findTemplateSource("templates/mapper.java.ftl"): Found
Loading template for "templates/mapper.java.ftl"("zh_CN", UTF-8, parsed) from "jar:file:/C:/Users/29507/.m2/repository/com/baomidou/mybatis-plus-generator/3.3.0/mybatis-plus-generator-3.3.0.jar!/templates/mapper.java.ftl"
模板:/templates/mapper.java.ftl;  文件:D:\workSpace\LearnJava/src/main/java\com\baomidou\ant\user\mapper\UserMapper.java
"templates/mapper.xml.ftl"("zh_CN", UTF-8, parsed) cached copy not yet stale; using cached.
模板:/templates/mapper.xml.ftl;  文件:D:\workSpace\LearnJava/src/main/java\com\baomidou\ant\user\mapper\xml\UserMapper.xml
Couldn't find template in cache for "templates/service.java.ftl"("zh_CN", UTF-8, parsed); will try to load it.
TemplateLoader.findTemplateSource("templates/service.java_zh_CN.ftl"): Not found
TemplateLoader.findTemplateSource("templates/service.java_zh.ftl"): Not found
TemplateLoader.findTemplateSource("templates/service.java.ftl"): Found
Loading template for "templates/service.java.ftl"("zh_CN", UTF-8, parsed) from "jar:file:/C:/Users/29507/.m2/repository/com/baomidou/mybatis-plus-generator/3.3.0/mybatis-plus-generator-3.3.0.jar!/templates/service.java.ftl"
模板:/templates/service.java.ftl;  文件:D:\workSpace\LearnJava/src/main/java\com\baomidou\ant\user\service\IUserService.java
Couldn't find template in cache for "templates/serviceImpl.java.ftl"("zh_CN", UTF-8, parsed); will try to load it.
TemplateLoader.findTemplateSource("templates/serviceImpl.java_zh_CN.ftl"): Not found
TemplateLoader.findTemplateSource("templates/serviceImpl.java_zh.ftl"): Not found
TemplateLoader.findTemplateSource("templates/serviceImpl.java.ftl"): Found
Loading template for "templates/serviceImpl.java.ftl"("zh_CN", UTF-8, parsed) from "jar:file:/C:/Users/29507/.m2/repository/com/baomidou/mybatis-plus-generator/3.3.0/mybatis-plus-generator-3.3.0.jar!/templates/serviceImpl.java.ftl"
模板:/templates/serviceImpl.java.ftl;  文件:D:\workSpace\LearnJava/src/main/java\com\baomidou\ant\user\service\impl\UserServiceImpl.java
Couldn't find template in cache for "templates/controller.java.ftl"("zh_CN", UTF-8, parsed); will try to load it.
TemplateLoader.findTemplateSource("templates/controller.java_zh_CN.ftl"): Not found
TemplateLoader.findTemplateSource("templates/controller.java_zh.ftl"): Not found
TemplateLoader.findTemplateSource("templates/controller.java.ftl"): Found
Loading template for "templates/controller.java.ftl"("zh_CN", UTF-8, parsed) from "jar:file:/C:/Users/29507/.m2/repository/com/baomidou/mybatis-plus-generator/3.3.0/mybatis-plus-generator-3.3.0.jar!/templates/controller.java.ftl"
模板:/templates/controller.java.ftl;  文件:D:\workSpace\LearnJava/src/main/java\com\baomidou\ant\user\controller\UserController.java
==========================文件生成完成！！！==========================
==========================准备生成文件...==========================
Couldn't find template in cache for "templates/mapper.xml.ftl"("zh_CN", UTF-8, parsed); will try to load it.
TemplateLoader.findTemplateSource("templates/mapper.xml_zh_CN.ftl"): Not found
TemplateLoader.findTemplateSource("templates/mapper.xml_zh.ftl"): Not found
TemplateLoader.findTemplateSource("templates/mapper.xml.ftl"): Found
Loading template for "templates/mapper.xml.ftl"("zh_CN", UTF-8, parsed) from "jar:file:/C:/Users/29507/.m2/repository/com/baomidou/mybatis-plus-generator/3.3.0/mybatis-plus-generator-3.3.0.jar!/templates/mapper.xml.ftl"
模板:/templates/mapper.xml.ftl;  文件:D:\workSpace\LearnJava/src/main/resources/mapper/user/UserMapper.xml
Couldn't find template in cache for "templates/entity.java.ftl"("zh_CN", UTF-8, parsed); will try to load it.
TemplateLoader.findTemplateSource("templates/entity.java_zh_CN.ftl"): Not found
TemplateLoader.findTemplateSource("templates/entity.java_zh.ftl"): Not found
TemplateLoader.findTemplateSource("templates/entity.java.ftl"): Found
Loading template for "templates/entity.java.ftl"("zh_CN", UTF-8, parsed) from "jar:file:/C:/Users/29507/.m2/repository/com/baomidou/mybatis-plus-generator/3.3.0/mybatis-plus-generator-3.3.0.jar!/templates/entity.java.ftl"
模板:/templates/entity.java.ftl;  文件:D:\workSpace\LearnJava/src/main/java\com\baomidou\ant\user\entity\User.java
Couldn't find template in cache for "templates/mapper.java.ftl"("zh_CN", UTF-8, parsed); will try to load it.
TemplateLoader.findTemplateSource("templates/mapper.java_zh_CN.ftl"): Not found
TemplateLoader.findTemplateSource("templates/mapper.java_zh.ftl"): Not found
TemplateLoader.findTemplateSource("templates/mapper.java.ftl"): Found
Loading template for "templates/mapper.java.ftl"("zh_CN", UTF-8, parsed) from "jar:file:/C:/Users/29507/.m2/repository/com/baomidou/mybatis-plus-generator/3.3.0/mybatis-plus-generator-3.3.0.jar!/templates/mapper.java.ftl"
模板:/templates/mapper.java.ftl;  文件:D:\workSpace\LearnJava/src/main/java\com\baomidou\ant\user\mapper\UserMapper.java
"templates/mapper.xml.ftl"("zh_CN", UTF-8, parsed) cached copy not yet stale; using cached.
模板:/templates/mapper.xml.ftl;  文件:D:\workSpace\LearnJava/src/main/java\com\baomidou\ant\user\mapper\xml\UserMapper.xml
Couldn't find template in cache for "templates/service.java.ftl"("zh_CN", UTF-8, parsed); will try to load it.
TemplateLoader.findTemplateSource("templates/service.java_zh_CN.ftl"): Not found
TemplateLoader.findTemplateSource("templates/service.java_zh.ftl"): Not found
TemplateLoader.findTemplateSource("templates/service.java.ftl"): Found
Loading template for "templates/service.java.ftl"("zh_CN", UTF-8, parsed) from "jar:file:/C:/Users/29507/.m2/repository/com/baomidou/mybatis-plus-generator/3.3.0/mybatis-plus-generator-3.3.0.jar!/templates/service.java.ftl"
模板:/templates/service.java.ftl;  文件:D:\workSpace\LearnJava/src/main/java\com\baomidou\ant\user\service\IUserService.java
Couldn't find template in cache for "templates/serviceImpl.java.ftl"("zh_CN", UTF-8, parsed); will try to load it.
TemplateLoader.findTemplateSource("templates/serviceImpl.java_zh_CN.ftl"): Not found
TemplateLoader.findTemplateSource("templates/serviceImpl.java_zh.ftl"): Not found
TemplateLoader.findTemplateSource("templates/serviceImpl.java.ftl"): Found
Loading template for "templates/serviceImpl.java.ftl"("zh_CN", UTF-8, parsed) from "jar:file:/C:/Users/29507/.m2/repository/com/baomidou/mybatis-plus-generator/3.3.0/mybatis-plus-generator-3.3.0.jar!/templates/serviceImpl.java.ftl"
模板:/templates/serviceImpl.java.ftl;  文件:D:\workSpace\LearnJava/src/main/java\com\baomidou\ant\user\service\impl\UserServiceImpl.java
Couldn't find template in cache for "templates/controller.java.ftl"("zh_CN", UTF-8, parsed); will try to load it.
TemplateLoader.findTemplateSource("templates/controller.java_zh_CN.ftl"): Not found
TemplateLoader.findTemplateSource("templates/controller.java_zh.ftl"): Not found
TemplateLoader.findTemplateSource("templates/controller.java.ftl"): Found
Loading template for "templates/controller.java.ftl"("zh_CN", UTF-8, parsed) from "jar:file:/C:/Users/29507/.m2/repository/com/baomidou/mybatis-plus-generator/3.3.0/mybatis-plus-generator-3.3.0.jar!/templates/controller.java.ftl"
模板:/templates/controller.java.ftl;  文件:D:\workSpace\LearnJava/src/main/java\com\baomidou\ant\user\controller\UserController.java
==========================文件生成完成！！！==========================
==========================准备生成文件...==========================
Couldn't find template in cache for "templates/mapper.xml.ftl"("zh_CN", UTF-8, parsed); will try to load it.
TemplateLoader.findTemplateSource("templates/mapper.xml_zh_CN.ftl"): Not found
TemplateLoader.findTemplateSource("templates/mapper.xml_zh.ftl"): Not found
TemplateLoader.findTemplateSource("templates/mapper.xml.ftl"): Found
Loading template for "templates/mapper.xml.ftl"("zh_CN", UTF-8, parsed) from "jar:file:/C:/Users/29507/.m2/repository/com/baomidou/mybatis-plus-generator/3.3.0/mybatis-plus-generator-3.3.0.jar!/templates/mapper.xml.ftl"
模板:/templates/mapper.xml.ftl;  文件:D:\workSpace\LearnJava/src/main/resources/mapper/user/UserMapper.xml
Couldn't find template in cache for "templates/entity.java.ftl"("zh_CN", UTF-8, parsed); will try to load it.
TemplateLoader.findTemplateSource("templates/entity.java_zh_CN.ftl"): Not found
TemplateLoader.findTemplateSource("templates/entity.java_zh.ftl"): Not found
TemplateLoader.findTemplateSource("templates/entity.java.ftl"): Found
Loading template for "templates/entity.java.ftl"("zh_CN", UTF-8, parsed) from "jar:file:/C:/Users/29507/.m2/repository/com/baomidou/mybatis-plus-generator/3.3.0/mybatis-plus-generator-3.3.0.jar!/templates/entity.java.ftl"
模板:/templates/entity.java.ftl;  文件:D:\workSpace\LearnJava/src/main/java\com\baomidou\ant\user\entity\User.java
Couldn't find template in cache for "templates/mapper.java.ftl"("zh_CN", UTF-8, parsed); will try to load it.
TemplateLoader.findTemplateSource("templates/mapper.java_zh_CN.ftl"): Not found
TemplateLoader.findTemplateSource("templates/mapper.java_zh.ftl"): Not found
TemplateLoader.findTemplateSource("templates/mapper.java.ftl"): Found
Loading template for "templates/mapper.java.ftl"("zh_CN", UTF-8, parsed) from "jar:file:/C:/Users/29507/.m2/repository/com/baomidou/mybatis-plus-generator/3.3.0/mybatis-plus-generator-3.3.0.jar!/templates/mapper.java.ftl"
模板:/templates/mapper.java.ftl;  文件:D:\workSpace\LearnJava/src/main/java\com\baomidou\ant\user\mapper\UserMapper.java
"templates/mapper.xml.ftl"("zh_CN", UTF-8, parsed) cached copy not yet stale; using cached.
模板:/templates/mapper.xml.ftl;  文件:D:\workSpace\LearnJava/src/main/java\com\baomidou\ant\user\mapper\xml\UserMapper.xml
Couldn't find template in cache for "templates/service.java.ftl"("zh_CN", UTF-8, parsed); will try to load it.
TemplateLoader.findTemplateSource("templates/service.java_zh_CN.ftl"): Not found
TemplateLoader.findTemplateSource("templates/service.java_zh.ftl"): Not found
TemplateLoader.findTemplateSource("templates/service.java.ftl"): Found
Loading template for "templates/service.java.ftl"("zh_CN", UTF-8, parsed) from "jar:file:/C:/Users/29507/.m2/repository/com/baomidou/mybatis-plus-generator/3.3.0/mybatis-plus-generator-3.3.0.jar!/templates/service.java.ftl"
模板:/templates/service.java.ftl;  文件:D:\workSpace\LearnJava/src/main/java\com\baomidou\ant\user\service\IUserService.java
Couldn't find template in cache for "templates/serviceImpl.java.ftl"("zh_CN", UTF-8, parsed); will try to load it.
TemplateLoader.findTemplateSource("templates/serviceImpl.java_zh_CN.ftl"): Not found
TemplateLoader.findTemplateSource("templates/serviceImpl.java_zh.ftl"): Not found
TemplateLoader.findTemplateSource("templates/serviceImpl.java.ftl"): Found
Loading template for "templates/serviceImpl.java.ftl"("zh_CN", UTF-8, parsed) from "jar:file:/C:/Users/29507/.m2/repository/com/baomidou/mybatis-plus-generator/3.3.0/mybatis-plus-generator-3.3.0.jar!/templates/serviceImpl.java.ftl"
模板:/templates/serviceImpl.java.ftl;  文件:D:\workSpace\LearnJava/src/main/java\com\baomidou\ant\user\service\impl\UserServiceImpl.java
Couldn't find template in cache for "templates/controller.java.ftl"("zh_CN", UTF-8, parsed); will try to load it.
TemplateLoader.findTemplateSource("templates/controller.java_zh_CN.ftl"): Not found
TemplateLoader.findTemplateSource("templates/controller.java_zh.ftl"): Not found
TemplateLoader.findTemplateSource("templates/controller.java.ftl"): Found
Loading template for "templates/controller.java.ftl"("zh_CN", UTF-8, parsed) from "jar:file:/C:/Users/29507/.m2/repository/com/baomidou/mybatis-plus-generator/3.3.0/mybatis-plus-generator-3.3.0.jar!/templates/controller.java.ftl"
模板:/templates/controller.java.ftl;  文件:D:\workSpace\LearnJava/src/main/java\com\baomidou\ant\user\controller\UserController.java
==========================文件生成完成！！！==========================
==========================准备生成文件...==========================
Couldn't find template in cache for "templates/mapper.xml.ftl"("zh_CN", UTF-8, parsed); will try to load it.
TemplateLoader.findTemplateSource("templates/mapper.xml_zh_CN.ftl"): Not found
TemplateLoader.findTemplateSource("templates/mapper.xml_zh.ftl"): Not found
TemplateLoader.findTemplateSource("templates/mapper.xml.ftl"): Found
Loading template for "templates/mapper.xml.ftl"("zh_CN", UTF-8, parsed) from "jar:file:/C:/Users/29507/.m2/repository/com/baomidou/mybatis-plus-generator/3.3.0/mybatis-plus-generator-3.3.0.jar!/templates/mapper.xml.ftl"
模板:/templates/mapper.xml.ftl;  文件:D:\workSpace\LearnJava/src/main/resources/mapper/user/UserMapper.xml
Couldn't find template in cache for "templates/entity.java.ftl"("zh_CN", UTF-8, parsed); will try to load it.
TemplateLoader.findTemplateSource("templates/entity.java_zh_CN.ftl"): Not found
TemplateLoader.findTemplateSource("templates/entity.java_zh.ftl"): Not found
TemplateLoader.findTemplateSource("templates/entity.java.ftl"): Found
Loading template for "templates/entity.java.ftl"("zh_CN", UTF-8, parsed) from "jar:file:/C:/Users/29507/.m2/repository/com/baomidou/mybatis-plus-generator/3.3.0/mybatis-plus-generator-3.3.0.jar!/templates/entity.java.ftl"
模板:/templates/entity.java.ftl;  文件:D:\workSpace\LearnJava/src/main/java\com\baomidou\ant\user\entity\User.java
Couldn't find template in cache for "templates/mapper.java.ftl"("zh_CN", UTF-8, parsed); will try to load it.
TemplateLoader.findTemplateSource("templates/mapper.java_zh_CN.ftl"): Not found
TemplateLoader.findTemplateSource("templates/mapper.java_zh.ftl"): Not found
TemplateLoader.findTemplateSource("templates/mapper.java.ftl"): Found
Loading template for "templates/mapper.java.ftl"("zh_CN", UTF-8, parsed) from "jar:file:/C:/Users/29507/.m2/repository/com/baomidou/mybatis-plus-generator/3.3.0/mybatis-plus-generator-3.3.0.jar!/templates/mapper.java.ftl"
模板:/templates/mapper.java.ftl;  文件:D:\workSpace\LearnJava/src/main/java\com\baomidou\ant\user\mapper\UserMapper.java
"templates/mapper.xml.ftl"("zh_CN", UTF-8, parsed) cached copy not yet stale; using cached.
模板:/templates/mapper.xml.ftl;  文件:D:\workSpace\LearnJava/src/main/java\com\baomidou\ant\user\mapper\xml\UserMapper.xml
Couldn't find template in cache for "templates/service.java.ftl"("zh_CN", UTF-8, parsed); will try to load it.
TemplateLoader.findTemplateSource("templates/service.java_zh_CN.ftl"): Not found
TemplateLoader.findTemplateSource("templates/service.java_zh.ftl"): Not found
TemplateLoader.findTemplateSource("templates/service.java.ftl"): Found
Loading template for "templates/service.java.ftl"("zh_CN", UTF-8, parsed) from "jar:file:/C:/Users/29507/.m2/repository/com/baomidou/mybatis-plus-generator/3.3.0/mybatis-plus-generator-3.3.0.jar!/templates/service.java.ftl"
模板:/templates/service.java.ftl;  文件:D:\workSpace\LearnJava/src/main/java\com\baomidou\ant\user\service\IUserService.java
Couldn't find template in cache for "templates/serviceImpl.java.ftl"("zh_CN", UTF-8, parsed); will try to load it.
TemplateLoader.findTemplateSource("templates/serviceImpl.java_zh_CN.ftl"): Not found
TemplateLoader.findTemplateSource("templates/serviceImpl.java_zh.ftl"): Not found
TemplateLoader.findTemplateSource("templates/serviceImpl.java.ftl"): Found
Loading template for "templates/serviceImpl.java.ftl"("zh_CN", UTF-8, parsed) from "jar:file:/C:/Users/29507/.m2/repository/com/baomidou/mybatis-plus-generator/3.3.0/mybatis-plus-generator-3.3.0.jar!/templates/serviceImpl.java.ftl"
模板:/templates/serviceImpl.java.ftl;  文件:D:\workSpace\LearnJava/src/main/java\com\baomidou\ant\user\service\impl\UserServiceImpl.java
Couldn't find template in cache for "templates/controller.java.ftl"("zh_CN", UTF-8, parsed); will try to load it.
TemplateLoader.findTemplateSource("templates/controller.java_zh_CN.ftl"): Not found
TemplateLoader.findTemplateSource("templates/controller.java_zh.ftl"): Not found
TemplateLoader.findTemplateSource("templates/controller.java.ftl"): Found
Loading template for "templates/controller.java.ftl"("zh_CN", UTF-8, parsed) from "jar:file:/C:/Users/29507/.m2/repository/com/baomidou/mybatis-plus-generator/3.3.0/mybatis-plus-generator-3.3.0.jar!/templates/controller.java.ftl"
模板:/templates/controller.java.ftl;  文件:D:\workSpace\LearnJava/src/main/java\com\baomidou\ant\user\controller\UserController.java
==========================文件生成完成！！！==========================
==========================准备生成文件...==========================
Couldn't find template in cache for "templates/mapper.xml.ftl"("zh_CN", UTF-8, parsed); will try to load it.
TemplateLoader.findTemplateSource("templates/mapper.xml_zh_CN.ftl"): Not found
TemplateLoader.findTemplateSource("templates/mapper.xml_zh.ftl"): Not found
TemplateLoader.findTemplateSource("templates/mapper.xml.ftl"): Found
Loading template for "templates/mapper.xml.ftl"("zh_CN", UTF-8, parsed) from "jar:file:/C:/Users/29507/.m2/repository/com/baomidou/mybatis-plus-generator/3.3.0/mybatis-plus-generator-3.3.0.jar!/templates/mapper.xml.ftl"
模板:/templates/mapper.xml.ftl;  文件:D:\workSpace\LearnJava/src/main/resources/mapper/user/UserMapper.xml
Couldn't find template in cache for "templates/entity.java.ftl"("zh_CN", UTF-8, parsed); will try to load it.
TemplateLoader.findTemplateSource("templates/entity.java_zh_CN.ftl"): Not found
TemplateLoader.findTemplateSource("templates/entity.java_zh.ftl"): Not found
TemplateLoader.findTemplateSource("templates/entity.java.ftl"): Found
Loading template for "templates/entity.java.ftl"("zh_CN", UTF-8, parsed) from "jar:file:/C:/Users/29507/.m2/repository/com/baomidou/mybatis-plus-generator/3.3.0/mybatis-plus-generator-3.3.0.jar!/templates/entity.java.ftl"
模板:/templates/entity.java.ftl;  文件:D:\workSpace\LearnJava/src/main/java\com\baomidou\ant\user\entity\User.java
Couldn't find template in cache for "templates/mapper.java.ftl"("zh_CN", UTF-8, parsed); will try to load it.
TemplateLoader.findTemplateSource("templates/mapper.java_zh_CN.ftl"): Not found
TemplateLoader.findTemplateSource("templates/mapper.java_zh.ftl"): Not found
TemplateLoader.findTemplateSource("templates/mapper.java.ftl"): Found
Loading template for "templates/mapper.java.ftl"("zh_CN", UTF-8, parsed) from "jar:file:/C:/Users/29507/.m2/repository/com/baomidou/mybatis-plus-generator/3.3.0/mybatis-plus-generator-3.3.0.jar!/templates/mapper.java.ftl"
模板:/templates/mapper.java.ftl;  文件:D:\workSpace\LearnJava/src/main/java\com\baomidou\ant\user\mapper\UserMapper.java
"templates/mapper.xml.ftl"("zh_CN", UTF-8, parsed) cached copy not yet stale; using cached.
模板:/templates/mapper.xml.ftl;  文件:D:\workSpace\LearnJava/src/main/java\com\baomidou\ant\user\mapper\xml\UserMapper.xml
Couldn't find template in cache for "templates/service.java.ftl"("zh_CN", UTF-8, parsed); will try to load it.
TemplateLoader.findTemplateSource("templates/service.java_zh_CN.ftl"): Not found
TemplateLoader.findTemplateSource("templates/service.java_zh.ftl"): Not found
TemplateLoader.findTemplateSource("templates/service.java.ftl"): Found
Loading template for "templates/service.java.ftl"("zh_CN", UTF-8, parsed) from "jar:file:/C:/Users/29507/.m2/repository/com/baomidou/mybatis-plus-generator/3.3.0/mybatis-plus-generator-3.3.0.jar!/templates/service.java.ftl"
模板:/templates/service.java.ftl;  文件:D:\workSpace\LearnJava/src/main/java\com\baomidou\ant\user\service\IUserService.java
Couldn't find template in cache for "templates/serviceImpl.java.ftl"("zh_CN", UTF-8, parsed); will try to load it.
TemplateLoader.findTemplateSource("templates/serviceImpl.java_zh_CN.ftl"): Not found
TemplateLoader.findTemplateSource("templates/serviceImpl.java_zh.ftl"): Not found
TemplateLoader.findTemplateSource("templates/serviceImpl.java.ftl"): Found
Loading template for "templates/serviceImpl.java.ftl"("zh_CN", UTF-8, parsed) from "jar:file:/C:/Users/29507/.m2/repository/com/baomidou/mybatis-plus-generator/3.3.0/mybatis-plus-generator-3.3.0.jar!/templates/serviceImpl.java.ftl"
模板:/templates/serviceImpl.java.ftl;  文件:D:\workSpace\LearnJava/src/main/java\com\baomidou\ant\user\service\impl\UserServiceImpl.java
Couldn't find template in cache for "templates/controller.java.ftl"("zh_CN", UTF-8, parsed); will try to load it.
TemplateLoader.findTemplateSource("templates/controller.java_zh_CN.ftl"): Not found
TemplateLoader.findTemplateSource("templates/controller.java_zh.ftl"): Not found
TemplateLoader.findTemplateSource("templates/controller.java.ftl"): Found
Loading template for "templates/controller.java.ftl"("zh_CN", UTF-8, parsed) from "jar:file:/C:/Users/29507/.m2/repository/com/baomidou/mybatis-plus-generator/3.3.0/mybatis-plus-generator-3.3.0.jar!/templates/controller.java.ftl"
模板:/templates/controller.java.ftl;  文件:D:\workSpace\LearnJava/src/main/java\com\baomidou\ant\user\controller\UserController.java
==========================文件生成完成！！！==========================
==========================准备生成文件...==========================
Couldn't find template in cache for "templates/mapper.xml.ftl"("zh_CN", UTF-8, parsed); will try to load it.
TemplateLoader.findTemplateSource("templates/mapper.xml_zh_CN.ftl"): Not found
TemplateLoader.findTemplateSource("templates/mapper.xml_zh.ftl"): Not found
TemplateLoader.findTemplateSource("templates/mapper.xml.ftl"): Found
Loading template for "templates/mapper.xml.ftl"("zh_CN", UTF-8, parsed) from "jar:file:/C:/Users/29507/.m2/repository/com/baomidou/mybatis-plus-generator/3.3.0/mybatis-plus-generator-3.3.0.jar!/templates/mapper.xml.ftl"
模板:/templates/mapper.xml.ftl;  文件:D:\workSpace\LearnJava/src/main/resources/mapper/user/UserMapper.xml
Couldn't find template in cache for "templates/entity.java.ftl"("zh_CN", UTF-8, parsed); will try to load it.
TemplateLoader.findTemplateSource("templates/entity.java_zh_CN.ftl"): Not found
TemplateLoader.findTemplateSource("templates/entity.java_zh.ftl"): Not found
TemplateLoader.findTemplateSource("templates/entity.java.ftl"): Found
Loading template for "templates/entity.java.ftl"("zh_CN", UTF-8, parsed) from "jar:file:/C:/Users/29507/.m2/repository/com/baomidou/mybatis-plus-generator/3.3.0/mybatis-plus-generator-3.3.0.jar!/templates/entity.java.ftl"
模板:/templates/entity.java.ftl;  文件:D:\workSpace\LearnJava/src/main/java\com\baomidou\ant\user\entity\User.java
Couldn't find template in cache for "templates/mapper.java.ftl"("zh_CN", UTF-8, parsed); will try to load it.
TemplateLoader.findTemplateSource("templates/mapper.java_zh_CN.ftl"): Not found
TemplateLoader.findTemplateSource("templates/mapper.java_zh.ftl"): Not found
TemplateLoader.findTemplateSource("templates/mapper.java.ftl"): Found
Loading template for "templates/mapper.java.ftl"("zh_CN", UTF-8, parsed) from "jar:file:/C:/Users/29507/.m2/repository/com/baomidou/mybatis-plus-generator/3.3.0/mybatis-plus-generator-3.3.0.jar!/templates/mapper.java.ftl"
模板:/templates/mapper.java.ftl;  文件:D:\workSpace\LearnJava/src/main/java\com\baomidou\ant\user\mapper\UserMapper.java
"templates/mapper.xml.ftl"("zh_CN", UTF-8, parsed) cached copy not yet stale; using cached.
模板:/templates/mapper.xml.ftl;  文件:D:\workSpace\LearnJava/src/main/java\com\baomidou\ant\user\mapper\xml\UserMapper.xml
Couldn't find template in cache for "templates/service.java.ftl"("zh_CN", UTF-8, parsed); will try to load it.
TemplateLoader.findTemplateSource("templates/service.java_zh_CN.ftl"): Not found
TemplateLoader.findTemplateSource("templates/service.java_zh.ftl"): Not found
TemplateLoader.findTemplateSource("templates/service.java.ftl"): Found
Loading template for "templates/service.java.ftl"("zh_CN", UTF-8, parsed) from "jar:file:/C:/Users/29507/.m2/repository/com/baomidou/mybatis-plus-generator/3.3.0/mybatis-plus-generator-3.3.0.jar!/templates/service.java.ftl"
模板:/templates/service.java.ftl;  文件:D:\workSpace\LearnJava/src/main/java\com\baomidou\ant\user\service\IUserService.java
Couldn't find template in cache for "templates/serviceImpl.java.ftl"("zh_CN", UTF-8, parsed); will try to load it.
TemplateLoader.findTemplateSource("templates/serviceImpl.java_zh_CN.ftl"): Not found
TemplateLoader.findTemplateSource("templates/serviceImpl.java_zh.ftl"): Not found
TemplateLoader.findTemplateSource("templates/serviceImpl.java.ftl"): Found
Loading template for "templates/serviceImpl.java.ftl"("zh_CN", UTF-8, parsed) from "jar:file:/C:/Users/29507/.m2/repository/com/baomidou/mybatis-plus-generator/3.3.0/mybatis-plus-generator-3.3.0.jar!/templates/serviceImpl.java.ftl"
模板:/templates/serviceImpl.java.ftl;  文件:D:\workSpace\LearnJava/src/main/java\com\baomidou\ant\user\service\impl\UserServiceImpl.java
Couldn't find template in cache for "templates/controller.java.ftl"("zh_CN", UTF-8, parsed); will try to load it.
TemplateLoader.findTemplateSource("templates/controller.java_zh_CN.ftl"): Not found
TemplateLoader.findTemplateSource("templates/controller.java_zh.ftl"): Not found
TemplateLoader.findTemplateSource("templates/controller.java.ftl"): Found
Loading template for "templates/controller.java.ftl"("zh_CN", UTF-8, parsed) from "jar:file:/C:/Users/29507/.m2/repository/com/baomidou/mybatis-plus-generator/3.3.0/mybatis-plus-generator-3.3.0.jar!/templates/controller.java.ftl"
模板:/templates/controller.java.ftl;  文件:D:\workSpace\LearnJava/src/main/java\com\baomidou\ant\user\controller\UserController.java
==========================文件生成完成！！！==========================
==========================准备生成文件...==========================
Couldn't find template in cache for "templates/mapper.xml.ftl"("zh_CN", UTF-8, parsed); will try to load it.
TemplateLoader.findTemplateSource("templates/mapper.xml_zh_CN.ftl"): Not found
TemplateLoader.findTemplateSource("templates/mapper.xml_zh.ftl"): Not found
TemplateLoader.findTemplateSource("templates/mapper.xml.ftl"): Found
Loading template for "templates/mapper.xml.ftl"("zh_CN", UTF-8, parsed) from "jar:file:/C:/Users/29507/.m2/repository/com/baomidou/mybatis-plus-generator/3.3.0/mybatis-plus-generator-3.3.0.jar!/templates/mapper.xml.ftl"
模板:/templates/mapper.xml.ftl;  文件:D:\workSpace\LearnJava/src/main/resources/mapper/user/UserMapper.xml
Couldn't find template in cache for "templates/entity.java.ftl"("zh_CN", UTF-8, parsed); will try to load it.
TemplateLoader.findTemplateSource("templates/entity.java_zh_CN.ftl"): Not found
TemplateLoader.findTemplateSource("templates/entity.java_zh.ftl"): Not found
TemplateLoader.findTemplateSource("templates/entity.java.ftl"): Found
Loading template for "templates/entity.java.ftl"("zh_CN", UTF-8, parsed) from "jar:file:/C:/Users/29507/.m2/repository/com/baomidou/mybatis-plus-generator/3.3.0/mybatis-plus-generator-3.3.0.jar!/templates/entity.java.ftl"
模板:/templates/entity.java.ftl;  文件:D:\workSpace\LearnJava/src/main/java\com\baomidou\ant\user\entity\User.java
Couldn't find template in cache for "templates/mapper.java.ftl"("zh_CN", UTF-8, parsed); will try to load it.
TemplateLoader.findTemplateSource("templates/mapper.java_zh_CN.ftl"): Not found
TemplateLoader.findTemplateSource("templates/mapper.java_zh.ftl"): Not found
TemplateLoader.findTemplateSource("templates/mapper.java.ftl"): Found
Loading template for "templates/mapper.java.ftl"("zh_CN", UTF-8, parsed) from "jar:file:/C:/Users/29507/.m2/repository/com/baomidou/mybatis-plus-generator/3.3.0/mybatis-plus-generator-3.3.0.jar!/templates/mapper.java.ftl"
模板:/templates/mapper.java.ftl;  文件:D:\workSpace\LearnJava/src/main/java\com\baomidou\ant\user\mapper\UserMapper.java
"templates/mapper.xml.ftl"("zh_CN", UTF-8, parsed) cached copy not yet stale; using cached.
模板:/templates/mapper.xml.ftl;  文件:D:\workSpace\LearnJava/src/main/java\com\baomidou\ant\user\mapper\xml\UserMapper.xml
Couldn't find template in cache for "templates/service.java.ftl"("zh_CN", UTF-8, parsed); will try to load it.
TemplateLoader.findTemplateSource("templates/service.java_zh_CN.ftl"): Not found
TemplateLoader.findTemplateSource("templates/service.java_zh.ftl"): Not found
TemplateLoader.findTemplateSource("templates/service.java.ftl"): Found
Loading template for "templates/service.java.ftl"("zh_CN", UTF-8, parsed) from "jar:file:/C:/Users/29507/.m2/repository/com/baomidou/mybatis-plus-generator/3.3.0/mybatis-plus-generator-3.3.0.jar!/templates/service.java.ftl"
模板:/templates/service.java.ftl;  文件:D:\workSpace\LearnJava/src/main/java\com\baomidou\ant\user\service\IUserService.java
Couldn't find template in cache for "templates/serviceImpl.java.ftl"("zh_CN", UTF-8, parsed); will try to load it.
TemplateLoader.findTemplateSource("templates/serviceImpl.java_zh_CN.ftl"): Not found
TemplateLoader.findTemplateSource("templates/serviceImpl.java_zh.ftl"): Not found
TemplateLoader.findTemplateSource("templates/serviceImpl.java.ftl"): Found
Loading template for "templates/serviceImpl.java.ftl"("zh_CN", UTF-8, parsed) from "jar:file:/C:/Users/29507/.m2/repository/com/baomidou/mybatis-plus-generator/3.3.0/mybatis-plus-generator-3.3.0.jar!/templates/serviceImpl.java.ftl"
模板:/templates/serviceImpl.java.ftl;  文件:D:\workSpace\LearnJava/src/main/java\com\baomidou\ant\user\service\impl\UserServiceImpl.java
Couldn't find template in cache for "templates/controller.java.ftl"("zh_CN", UTF-8, parsed); will try to load it.
TemplateLoader.findTemplateSource("templates/controller.java_zh_CN.ftl"): Not found
TemplateLoader.findTemplateSource("templates/controller.java_zh.ftl"): Not found
TemplateLoader.findTemplateSource("templates/controller.java.ftl"): Found
Loading template for "templates/controller.java.ftl"("zh_CN", UTF-8, parsed) from "jar:file:/C:/Users/29507/.m2/repository/com/baomidou/mybatis-plus-generator/3.3.0/mybatis-plus-generator-3.3.0.jar!/templates/controller.java.ftl"
模板:/templates/controller.java.ftl;  文件:D:\workSpace\LearnJava/src/main/java\com\baomidou\ant\user\controller\UserController.java
==========================文件生成完成！！！==========================
==========================准备生成文件...==========================
创建目录： [D:\workSpace\LearnJava/src/main/java\com\baomidou\user\entity]
创建目录： [D:\workSpace\LearnJava/src/main/java\com\baomidou\user\controller]
创建目录： [D:\workSpace\LearnJava/src/main/java\com\baomidou\user\mapper\xml]
创建目录： [D:\workSpace\LearnJava/src/main/java\com\baomidou\user\service]
创建目录： [D:\workSpace\LearnJava/src/main/java\com\baomidou\user\service\impl]
Couldn't find template in cache for "templates/mapper.xml.ftl"("zh_CN", UTF-8, parsed); will try to load it.
TemplateLoader.findTemplateSource("templates/mapper.xml_zh_CN.ftl"): Not found
TemplateLoader.findTemplateSource("templates/mapper.xml_zh.ftl"): Not found
TemplateLoader.findTemplateSource("templates/mapper.xml.ftl"): Found
Loading template for "templates/mapper.xml.ftl"("zh_CN", UTF-8, parsed) from "jar:file:/C:/Users/29507/.m2/repository/com/baomidou/mybatis-plus-generator/3.3.0/mybatis-plus-generator-3.3.0.jar!/templates/mapper.xml.ftl"
模板:/templates/mapper.xml.ftl;  文件:D:\workSpace\LearnJava/src/main/resources/mapper/user/UserMapper.xml
Couldn't find template in cache for "templates/entity.java.ftl"("zh_CN", UTF-8, parsed); will try to load it.
TemplateLoader.findTemplateSource("templates/entity.java_zh_CN.ftl"): Not found
TemplateLoader.findTemplateSource("templates/entity.java_zh.ftl"): Not found
TemplateLoader.findTemplateSource("templates/entity.java.ftl"): Found
Loading template for "templates/entity.java.ftl"("zh_CN", UTF-8, parsed) from "jar:file:/C:/Users/29507/.m2/repository/com/baomidou/mybatis-plus-generator/3.3.0/mybatis-plus-generator-3.3.0.jar!/templates/entity.java.ftl"
模板:/templates/entity.java.ftl;  文件:D:\workSpace\LearnJava/src/main/java\com\baomidou\user\entity\User.java
Couldn't find template in cache for "templates/mapper.java.ftl"("zh_CN", UTF-8, parsed); will try to load it.
TemplateLoader.findTemplateSource("templates/mapper.java_zh_CN.ftl"): Not found
TemplateLoader.findTemplateSource("templates/mapper.java_zh.ftl"): Not found
TemplateLoader.findTemplateSource("templates/mapper.java.ftl"): Found
Loading template for "templates/mapper.java.ftl"("zh_CN", UTF-8, parsed) from "jar:file:/C:/Users/29507/.m2/repository/com/baomidou/mybatis-plus-generator/3.3.0/mybatis-plus-generator-3.3.0.jar!/templates/mapper.java.ftl"
模板:/templates/mapper.java.ftl;  文件:D:\workSpace\LearnJava/src/main/java\com\baomidou\user\mapper\UserMapper.java
"templates/mapper.xml.ftl"("zh_CN", UTF-8, parsed) cached copy not yet stale; using cached.
模板:/templates/mapper.xml.ftl;  文件:D:\workSpace\LearnJava/src/main/java\com\baomidou\user\mapper\xml\UserMapper.xml
Couldn't find template in cache for "templates/service.java.ftl"("zh_CN", UTF-8, parsed); will try to load it.
TemplateLoader.findTemplateSource("templates/service.java_zh_CN.ftl"): Not found
TemplateLoader.findTemplateSource("templates/service.java_zh.ftl"): Not found
TemplateLoader.findTemplateSource("templates/service.java.ftl"): Found
Loading template for "templates/service.java.ftl"("zh_CN", UTF-8, parsed) from "jar:file:/C:/Users/29507/.m2/repository/com/baomidou/mybatis-plus-generator/3.3.0/mybatis-plus-generator-3.3.0.jar!/templates/service.java.ftl"
模板:/templates/service.java.ftl;  文件:D:\workSpace\LearnJava/src/main/java\com\baomidou\user\service\IUserService.java
Couldn't find template in cache for "templates/serviceImpl.java.ftl"("zh_CN", UTF-8, parsed); will try to load it.
TemplateLoader.findTemplateSource("templates/serviceImpl.java_zh_CN.ftl"): Not found
TemplateLoader.findTemplateSource("templates/serviceImpl.java_zh.ftl"): Not found
TemplateLoader.findTemplateSource("templates/serviceImpl.java.ftl"): Found
Loading template for "templates/serviceImpl.java.ftl"("zh_CN", UTF-8, parsed) from "jar:file:/C:/Users/29507/.m2/repository/com/baomidou/mybatis-plus-generator/3.3.0/mybatis-plus-generator-3.3.0.jar!/templates/serviceImpl.java.ftl"
模板:/templates/serviceImpl.java.ftl;  文件:D:\workSpace\LearnJava/src/main/java\com\baomidou\user\service\impl\UserServiceImpl.java
Couldn't find template in cache for "templates/controller.java.ftl"("zh_CN", UTF-8, parsed); will try to load it.
TemplateLoader.findTemplateSource("templates/controller.java_zh_CN.ftl"): Not found
TemplateLoader.findTemplateSource("templates/controller.java_zh.ftl"): Not found
TemplateLoader.findTemplateSource("templates/controller.java.ftl"): Found
Loading template for "templates/controller.java.ftl"("zh_CN", UTF-8, parsed) from "jar:file:/C:/Users/29507/.m2/repository/com/baomidou/mybatis-plus-generator/3.3.0/mybatis-plus-generator-3.3.0.jar!/templates/controller.java.ftl"
模板:/templates/controller.java.ftl;  文件:D:\workSpace\LearnJava/src/main/java\com\baomidou\user\controller\UserController.java
==========================文件生成完成！！！==========================
==========================准备生成文件...==========================
创建目录： [D:\workSpace\LearnJava/src/main/java\com\baomidou\user\entity]
创建目录： [D:\workSpace\LearnJava/src/main/java\com\baomidou\user\controller]
创建目录： [D:\workSpace\LearnJava/src/main/java\com\baomidou\user\mapper\xml]
创建目录： [D:\workSpace\LearnJava/src/main/java\com\baomidou\user\service]
创建目录： [D:\workSpace\LearnJava/src/main/java\com\baomidou\user\service\impl]
Couldn't find template in cache for "templates/mapper.xml.ftl"("zh_CN", UTF-8, parsed); will try to load it.
TemplateLoader.findTemplateSource("templates/mapper.xml_zh_CN.ftl"): Not found
TemplateLoader.findTemplateSource("templates/mapper.xml_zh.ftl"): Not found
TemplateLoader.findTemplateSource("templates/mapper.xml.ftl"): Found
Loading template for "templates/mapper.xml.ftl"("zh_CN", UTF-8, parsed) from "jar:file:/C:/Users/29507/.m2/repository/com/baomidou/mybatis-plus-generator/3.3.0/mybatis-plus-generator-3.3.0.jar!/templates/mapper.xml.ftl"
模板:/templates/mapper.xml.ftl;  文件:D:\workSpace\LearnJava/src/main/resources/mapper/user/UserMapper.xml
Couldn't find template in cache for "templates/entity.java.ftl"("zh_CN", UTF-8, parsed); will try to load it.
TemplateLoader.findTemplateSource("templates/entity.java_zh_CN.ftl"): Not found
TemplateLoader.findTemplateSource("templates/entity.java_zh.ftl"): Not found
TemplateLoader.findTemplateSource("templates/entity.java.ftl"): Found
Loading template for "templates/entity.java.ftl"("zh_CN", UTF-8, parsed) from "jar:file:/C:/Users/29507/.m2/repository/com/baomidou/mybatis-plus-generator/3.3.0/mybatis-plus-generator-3.3.0.jar!/templates/entity.java.ftl"
模板:/templates/entity.java.ftl;  文件:D:\workSpace\LearnJava/src/main/java\com\baomidou\user\entity\User.java
Couldn't find template in cache for "templates/mapper.java.ftl"("zh_CN", UTF-8, parsed); will try to load it.
TemplateLoader.findTemplateSource("templates/mapper.java_zh_CN.ftl"): Not found
TemplateLoader.findTemplateSource("templates/mapper.java_zh.ftl"): Not found
TemplateLoader.findTemplateSource("templates/mapper.java.ftl"): Found
Loading template for "templates/mapper.java.ftl"("zh_CN", UTF-8, parsed) from "jar:file:/C:/Users/29507/.m2/repository/com/baomidou/mybatis-plus-generator/3.3.0/mybatis-plus-generator-3.3.0.jar!/templates/mapper.java.ftl"
模板:/templates/mapper.java.ftl;  文件:D:\workSpace\LearnJava/src/main/java\com\baomidou\user\mapper\UserMapper.java
"templates/mapper.xml.ftl"("zh_CN", UTF-8, parsed) cached copy not yet stale; using cached.
模板:/templates/mapper.xml.ftl;  文件:D:\workSpace\LearnJava/src/main/java\com\baomidou\user\mapper\xml\UserMapper.xml
Couldn't find template in cache for "templates/service.java.ftl"("zh_CN", UTF-8, parsed); will try to load it.
TemplateLoader.findTemplateSource("templates/service.java_zh_CN.ftl"): Not found
TemplateLoader.findTemplateSource("templates/service.java_zh.ftl"): Not found
TemplateLoader.findTemplateSource("templates/service.java.ftl"): Found
Loading template for "templates/service.java.ftl"("zh_CN", UTF-8, parsed) from "jar:file:/C:/Users/29507/.m2/repository/com/baomidou/mybatis-plus-generator/3.3.0/mybatis-plus-generator-3.3.0.jar!/templates/service.java.ftl"
模板:/templates/service.java.ftl;  文件:D:\workSpace\LearnJava/src/main/java\com\baomidou\user\service\IUserService.java
Couldn't find template in cache for "templates/serviceImpl.java.ftl"("zh_CN", UTF-8, parsed); will try to load it.
TemplateLoader.findTemplateSource("templates/serviceImpl.java_zh_CN.ftl"): Not found
TemplateLoader.findTemplateSource("templates/serviceImpl.java_zh.ftl"): Not found
TemplateLoader.findTemplateSource("templates/serviceImpl.java.ftl"): Found
Loading template for "templates/serviceImpl.java.ftl"("zh_CN", UTF-8, parsed) from "jar:file:/C:/Users/29507/.m2/repository/com/baomidou/mybatis-plus-generator/3.3.0/mybatis-plus-generator-3.3.0.jar!/templates/serviceImpl.java.ftl"
模板:/templates/serviceImpl.java.ftl;  文件:D:\workSpace\LearnJava/src/main/java\com\baomidou\user\service\impl\UserServiceImpl.java
Couldn't find template in cache for "templates/controller.java.ftl"("zh_CN", UTF-8, parsed); will try to load it.
TemplateLoader.findTemplateSource("templates/controller.java_zh_CN.ftl"): Not found
TemplateLoader.findTemplateSource("templates/controller.java_zh.ftl"): Not found
TemplateLoader.findTemplateSource("templates/controller.java.ftl"): Found
Loading template for "templates/controller.java.ftl"("zh_CN", UTF-8, parsed) from "jar:file:/C:/Users/29507/.m2/repository/com/baomidou/mybatis-plus-generator/3.3.0/mybatis-plus-generator-3.3.0.jar!/templates/controller.java.ftl"
模板:/templates/controller.java.ftl;  文件:D:\workSpace\LearnJava/src/main/java\com\baomidou\user\controller\UserController.java
==========================文件生成完成！！！==========================
==========================准备生成文件...==========================
Couldn't find template in cache for "templates/entity.java.ftl"("zh_CN", UTF-8, parsed); will try to load it.
TemplateLoader.findTemplateSource("templates/entity.java_zh_CN.ftl"): Not found
TemplateLoader.findTemplateSource("templates/entity.java_zh.ftl"): Not found
TemplateLoader.findTemplateSource("templates/entity.java.ftl"): Found
Loading template for "templates/entity.java.ftl"("zh_CN", UTF-8, parsed) from "jar:file:/C:/Users/29507/.m2/repository/com/baomidou/mybatis-plus-generator/3.3.0/mybatis-plus-generator-3.3.0.jar!/templates/entity.java.ftl"
模板:/templates/entity.java.ftl;  文件:D:\workSpace\LearnJava/src/main/java\com\baomidou\user\entity\User.java
Couldn't find template in cache for "templates/mapper.java.ftl"("zh_CN", UTF-8, parsed); will try to load it.
TemplateLoader.findTemplateSource("templates/mapper.java_zh_CN.ftl"): Not found
TemplateLoader.findTemplateSource("templates/mapper.java_zh.ftl"): Not found
TemplateLoader.findTemplateSource("templates/mapper.java.ftl"): Found
Loading template for "templates/mapper.java.ftl"("zh_CN", UTF-8, parsed) from "jar:file:/C:/Users/29507/.m2/repository/com/baomidou/mybatis-plus-generator/3.3.0/mybatis-plus-generator-3.3.0.jar!/templates/mapper.java.ftl"
模板:/templates/mapper.java.ftl;  文件:D:\workSpace\LearnJava/src/main/java\com\baomidou\user\mapper\UserMapper.java
Couldn't find template in cache for "templates/mapper.xml.ftl"("zh_CN", UTF-8, parsed); will try to load it.
TemplateLoader.findTemplateSource("templates/mapper.xml_zh_CN.ftl"): Not found
TemplateLoader.findTemplateSource("templates/mapper.xml_zh.ftl"): Not found
TemplateLoader.findTemplateSource("templates/mapper.xml.ftl"): Found
Loading template for "templates/mapper.xml.ftl"("zh_CN", UTF-8, parsed) from "jar:file:/C:/Users/29507/.m2/repository/com/baomidou/mybatis-plus-generator/3.3.0/mybatis-plus-generator-3.3.0.jar!/templates/mapper.xml.ftl"
模板:/templates/mapper.xml.ftl;  文件:D:\workSpace\LearnJava/src/main/java\com\baomidou\user\mapper\xml\UserMapper.xml
Couldn't find template in cache for "templates/service.java.ftl"("zh_CN", UTF-8, parsed); will try to load it.
TemplateLoader.findTemplateSource("templates/service.java_zh_CN.ftl"): Not found
TemplateLoader.findTemplateSource("templates/service.java_zh.ftl"): Not found
TemplateLoader.findTemplateSource("templates/service.java.ftl"): Found
Loading template for "templates/service.java.ftl"("zh_CN", UTF-8, parsed) from "jar:file:/C:/Users/29507/.m2/repository/com/baomidou/mybatis-plus-generator/3.3.0/mybatis-plus-generator-3.3.0.jar!/templates/service.java.ftl"
模板:/templates/service.java.ftl;  文件:D:\workSpace\LearnJava/src/main/java\com\baomidou\user\service\IUserService.java
Couldn't find template in cache for "templates/serviceImpl.java.ftl"("zh_CN", UTF-8, parsed); will try to load it.
TemplateLoader.findTemplateSource("templates/serviceImpl.java_zh_CN.ftl"): Not found
TemplateLoader.findTemplateSource("templates/serviceImpl.java_zh.ftl"): Not found
TemplateLoader.findTemplateSource("templates/serviceImpl.java.ftl"): Found
Loading template for "templates/serviceImpl.java.ftl"("zh_CN", UTF-8, parsed) from "jar:file:/C:/Users/29507/.m2/repository/com/baomidou/mybatis-plus-generator/3.3.0/mybatis-plus-generator-3.3.0.jar!/templates/serviceImpl.java.ftl"
模板:/templates/serviceImpl.java.ftl;  文件:D:\workSpace\LearnJava/src/main/java\com\baomidou\user\service\impl\UserServiceImpl.java
Couldn't find template in cache for "templates/controller.java.ftl"("zh_CN", UTF-8, parsed); will try to load it.
TemplateLoader.findTemplateSource("templates/controller.java_zh_CN.ftl"): Not found
TemplateLoader.findTemplateSource("templates/controller.java_zh.ftl"): Not found
TemplateLoader.findTemplateSource("templates/controller.java.ftl"): Found
Loading template for "templates/controller.java.ftl"("zh_CN", UTF-8, parsed) from "jar:file:/C:/Users/29507/.m2/repository/com/baomidou/mybatis-plus-generator/3.3.0/mybatis-plus-generator-3.3.0.jar!/templates/controller.java.ftl"
模板:/templates/controller.java.ftl;  文件:D:\workSpace\LearnJava/src/main/java\com\baomidou\user\controller\UserController.java
==========================文件生成完成！！！==========================
==========================准备生成文件...==========================
==========================准备生成文件...==========================
Couldn't find template in cache for "templates/entity.java.ftl"("zh_CN", UTF-8, parsed); will try to load it.
TemplateLoader.findTemplateSource("templates/entity.java_zh_CN.ftl"): Not found
TemplateLoader.findTemplateSource("templates/entity.java_zh.ftl"): Not found
TemplateLoader.findTemplateSource("templates/entity.java.ftl"): Found
Loading template for "templates/entity.java.ftl"("zh_CN", UTF-8, parsed) from "jar:file:/C:/Users/29507/.m2/repository/com/baomidou/mybatis-plus-generator/3.3.0/mybatis-plus-generator-3.3.0.jar!/templates/entity.java.ftl"
模板:/templates/entity.java.ftl;  文件:D:\workSpace\LearnJava/src/main/java\com\baomidou\user\entity\User.java
Couldn't find template in cache for "templates/mapper.java.ftl"("zh_CN", UTF-8, parsed); will try to load it.
TemplateLoader.findTemplateSource("templates/mapper.java_zh_CN.ftl"): Not found
TemplateLoader.findTemplateSource("templates/mapper.java_zh.ftl"): Not found
TemplateLoader.findTemplateSource("templates/mapper.java.ftl"): Found
Loading template for "templates/mapper.java.ftl"("zh_CN", UTF-8, parsed) from "jar:file:/C:/Users/29507/.m2/repository/com/baomidou/mybatis-plus-generator/3.3.0/mybatis-plus-generator-3.3.0.jar!/templates/mapper.java.ftl"
模板:/templates/mapper.java.ftl;  文件:D:\workSpace\LearnJava/src/main/java\com\baomidou\user\mapper\UserMapper.java
Couldn't find template in cache for "templates/mapper.xml.ftl"("zh_CN", UTF-8, parsed); will try to load it.
TemplateLoader.findTemplateSource("templates/mapper.xml_zh_CN.ftl"): Not found
TemplateLoader.findTemplateSource("templates/mapper.xml_zh.ftl"): Not found
TemplateLoader.findTemplateSource("templates/mapper.xml.ftl"): Found
Loading template for "templates/mapper.xml.ftl"("zh_CN", UTF-8, parsed) from "jar:file:/C:/Users/29507/.m2/repository/com/baomidou/mybatis-plus-generator/3.3.0/mybatis-plus-generator-3.3.0.jar!/templates/mapper.xml.ftl"
模板:/templates/mapper.xml.ftl;  文件:D:\workSpace\LearnJava/src/main/java\com\baomidou\user\mapper\xml\UserMapper.xml
Couldn't find template in cache for "templates/service.java.ftl"("zh_CN", UTF-8, parsed); will try to load it.
TemplateLoader.findTemplateSource("templates/service.java_zh_CN.ftl"): Not found
TemplateLoader.findTemplateSource("templates/service.java_zh.ftl"): Not found
TemplateLoader.findTemplateSource("templates/service.java.ftl"): Found
Loading template for "templates/service.java.ftl"("zh_CN", UTF-8, parsed) from "jar:file:/C:/Users/29507/.m2/repository/com/baomidou/mybatis-plus-generator/3.3.0/mybatis-plus-generator-3.3.0.jar!/templates/service.java.ftl"
模板:/templates/service.java.ftl;  文件:D:\workSpace\LearnJava/src/main/java\com\baomidou\user\service\IUserService.java
Couldn't find template in cache for "templates/serviceImpl.java.ftl"("zh_CN", UTF-8, parsed); will try to load it.
TemplateLoader.findTemplateSource("templates/serviceImpl.java_zh_CN.ftl"): Not found
TemplateLoader.findTemplateSource("templates/serviceImpl.java_zh.ftl"): Not found
TemplateLoader.findTemplateSource("templates/serviceImpl.java.ftl"): Found
Loading template for "templates/serviceImpl.java.ftl"("zh_CN", UTF-8, parsed) from "jar:file:/C:/Users/29507/.m2/repository/com/baomidou/mybatis-plus-generator/3.3.0/mybatis-plus-generator-3.3.0.jar!/templates/serviceImpl.java.ftl"
模板:/templates/serviceImpl.java.ftl;  文件:D:\workSpace\LearnJava/src/main/java\com\baomidou\user\service\impl\UserServiceImpl.java
Couldn't find template in cache for "templates/controller.java.ftl"("zh_CN", UTF-8, parsed); will try to load it.
TemplateLoader.findTemplateSource("templates/controller.java_zh_CN.ftl"): Not found
TemplateLoader.findTemplateSource("templates/controller.java_zh.ftl"): Not found
TemplateLoader.findTemplateSource("templates/controller.java.ftl"): Found
Loading template for "templates/controller.java.ftl"("zh_CN", UTF-8, parsed) from "jar:file:/C:/Users/29507/.m2/repository/com/baomidou/mybatis-plus-generator/3.3.0/mybatis-plus-generator-3.3.0.jar!/templates/controller.java.ftl"
模板:/templates/controller.java.ftl;  文件:D:\workSpace\LearnJava/src/main/java\com\baomidou\user\controller\UserController.java
==========================文件生成完成！！！==========================
==========================准备生成文件...==========================
Couldn't find template in cache for "templates/entity.java.ftl"("zh_CN", UTF-8, parsed); will try to load it.
TemplateLoader.findTemplateSource("templates/entity.java_zh_CN.ftl"): Not found
TemplateLoader.findTemplateSource("templates/entity.java_zh.ftl"): Not found
TemplateLoader.findTemplateSource("templates/entity.java.ftl"): Found
Loading template for "templates/entity.java.ftl"("zh_CN", UTF-8, parsed) from "jar:file:/C:/Users/29507/.m2/repository/com/baomidou/mybatis-plus-generator/3.3.0/mybatis-plus-generator-3.3.0.jar!/templates/entity.java.ftl"
模板:/templates/entity.java.ftl;  文件:D:\workSpace\LearnJava/src/main/java\com\baomidou\user\entity\User.java
Couldn't find template in cache for "templates/mapper.java.ftl"("zh_CN", UTF-8, parsed); will try to load it.
TemplateLoader.findTemplateSource("templates/mapper.java_zh_CN.ftl"): Not found
TemplateLoader.findTemplateSource("templates/mapper.java_zh.ftl"): Not found
TemplateLoader.findTemplateSource("templates/mapper.java.ftl"): Found
Loading template for "templates/mapper.java.ftl"("zh_CN", UTF-8, parsed) from "jar:file:/C:/Users/29507/.m2/repository/com/baomidou/mybatis-plus-generator/3.3.0/mybatis-plus-generator-3.3.0.jar!/templates/mapper.java.ftl"
模板:/templates/mapper.java.ftl;  文件:D:\workSpace\LearnJava/src/main/java\com\baomidou\user\mapper\UserMapper.java
Couldn't find template in cache for "templates/mapper.xml.ftl"("zh_CN", UTF-8, parsed); will try to load it.
TemplateLoader.findTemplateSource("templates/mapper.xml_zh_CN.ftl"): Not found
TemplateLoader.findTemplateSource("templates/mapper.xml_zh.ftl"): Not found
TemplateLoader.findTemplateSource("templates/mapper.xml.ftl"): Found
Loading template for "templates/mapper.xml.ftl"("zh_CN", UTF-8, parsed) from "jar:file:/C:/Users/29507/.m2/repository/com/baomidou/mybatis-plus-generator/3.3.0/mybatis-plus-generator-3.3.0.jar!/templates/mapper.xml.ftl"
模板:/templates/mapper.xml.ftl;  文件:D:\workSpace\LearnJava/src/main/java\com\baomidou\user\mapper\xml\UserMapper.xml
Couldn't find template in cache for "templates/service.java.ftl"("zh_CN", UTF-8, parsed); will try to load it.
TemplateLoader.findTemplateSource("templates/service.java_zh_CN.ftl"): Not found
TemplateLoader.findTemplateSource("templates/service.java_zh.ftl"): Not found
TemplateLoader.findTemplateSource("templates/service.java.ftl"): Found
Loading template for "templates/service.java.ftl"("zh_CN", UTF-8, parsed) from "jar:file:/C:/Users/29507/.m2/repository/com/baomidou/mybatis-plus-generator/3.3.0/mybatis-plus-generator-3.3.0.jar!/templates/service.java.ftl"
模板:/templates/service.java.ftl;  文件:D:\workSpace\LearnJava/src/main/java\com\baomidou\user\service\IUserService.java
Couldn't find template in cache for "templates/serviceImpl.java.ftl"("zh_CN", UTF-8, parsed); will try to load it.
TemplateLoader.findTemplateSource("templates/serviceImpl.java_zh_CN.ftl"): Not found
TemplateLoader.findTemplateSource("templates/serviceImpl.java_zh.ftl"): Not found
TemplateLoader.findTemplateSource("templates/serviceImpl.java.ftl"): Found
Loading template for "templates/serviceImpl.java.ftl"("zh_CN", UTF-8, parsed) from "jar:file:/C:/Users/29507/.m2/repository/com/baomidou/mybatis-plus-generator/3.3.0/mybatis-plus-generator-3.3.0.jar!/templates/serviceImpl.java.ftl"
模板:/templates/serviceImpl.java.ftl;  文件:D:\workSpace\LearnJava/src/main/java\com\baomidou\user\service\impl\UserServiceImpl.java
Couldn't find template in cache for "templates/controller.java.ftl"("zh_CN", UTF-8, parsed); will try to load it.
TemplateLoader.findTemplateSource("templates/controller.java_zh_CN.ftl"): Not found
TemplateLoader.findTemplateSource("templates/controller.java_zh.ftl"): Not found
TemplateLoader.findTemplateSource("templates/controller.java.ftl"): Found
Loading template for "templates/controller.java.ftl"("zh_CN", UTF-8, parsed) from "jar:file:/C:/Users/29507/.m2/repository/com/baomidou/mybatis-plus-generator/3.3.0/mybatis-plus-generator-3.3.0.jar!/templates/controller.java.ftl"
模板:/templates/controller.java.ftl;  文件:D:\workSpace\LearnJava/src/main/java\com\baomidou\user\controller\UserController.java
==========================文件生成完成！！！==========================
==========================准备生成文件...==========================
Couldn't find template in cache for "templates/entity.java.ftl"("zh_CN", UTF-8, parsed); will try to load it.
TemplateLoader.findTemplateSource("templates/entity.java_zh_CN.ftl"): Not found
TemplateLoader.findTemplateSource("templates/entity.java_zh.ftl"): Not found
TemplateLoader.findTemplateSource("templates/entity.java.ftl"): Found
Loading template for "templates/entity.java.ftl"("zh_CN", UTF-8, parsed) from "jar:file:/C:/Users/29507/.m2/repository/com/baomidou/mybatis-plus-generator/3.3.0/mybatis-plus-generator-3.3.0.jar!/templates/entity.java.ftl"
模板:/templates/entity.java.ftl;  文件:D:\workSpace\LearnJava/src/main/java\com\baomidou\user\entity\User.java
Couldn't find template in cache for "templates/mapper.java.ftl"("zh_CN", UTF-8, parsed); will try to load it.
TemplateLoader.findTemplateSource("templates/mapper.java_zh_CN.ftl"): Not found
TemplateLoader.findTemplateSource("templates/mapper.java_zh.ftl"): Not found
TemplateLoader.findTemplateSource("templates/mapper.java.ftl"): Found
Loading template for "templates/mapper.java.ftl"("zh_CN", UTF-8, parsed) from "jar:file:/C:/Users/29507/.m2/repository/com/baomidou/mybatis-plus-generator/3.3.0/mybatis-plus-generator-3.3.0.jar!/templates/mapper.java.ftl"
模板:/templates/mapper.java.ftl;  文件:D:\workSpace\LearnJava/src/main/java\com\baomidou\user\mapper\UserMapper.java
Couldn't find template in cache for "templates/mapper.xml.ftl"("zh_CN", UTF-8, parsed); will try to load it.
TemplateLoader.findTemplateSource("templates/mapper.xml_zh_CN.ftl"): Not found
TemplateLoader.findTemplateSource("templates/mapper.xml_zh.ftl"): Not found
TemplateLoader.findTemplateSource("templates/mapper.xml.ftl"): Found
Loading template for "templates/mapper.xml.ftl"("zh_CN", UTF-8, parsed) from "jar:file:/C:/Users/29507/.m2/repository/com/baomidou/mybatis-plus-generator/3.3.0/mybatis-plus-generator-3.3.0.jar!/templates/mapper.xml.ftl"
模板:/templates/mapper.xml.ftl;  文件:D:\workSpace\LearnJava/src/main/java\com\baomidou\user\mapper\xml\UserMapper.xml
Couldn't find template in cache for "templates/service.java.ftl"("zh_CN", UTF-8, parsed); will try to load it.
TemplateLoader.findTemplateSource("templates/service.java_zh_CN.ftl"): Not found
TemplateLoader.findTemplateSource("templates/service.java_zh.ftl"): Not found
TemplateLoader.findTemplateSource("templates/service.java.ftl"): Found
Loading template for "templates/service.java.ftl"("zh_CN", UTF-8, parsed) from "jar:file:/C:/Users/29507/.m2/repository/com/baomidou/mybatis-plus-generator/3.3.0/mybatis-plus-generator-3.3.0.jar!/templates/service.java.ftl"
模板:/templates/service.java.ftl;  文件:D:\workSpace\LearnJava/src/main/java\com\baomidou\user\service\IUserService.java
Couldn't find template in cache for "templates/serviceImpl.java.ftl"("zh_CN", UTF-8, parsed); will try to load it.
TemplateLoader.findTemplateSource("templates/serviceImpl.java_zh_CN.ftl"): Not found
TemplateLoader.findTemplateSource("templates/serviceImpl.java_zh.ftl"): Not found
TemplateLoader.findTemplateSource("templates/serviceImpl.java.ftl"): Found
Loading template for "templates/serviceImpl.java.ftl"("zh_CN", UTF-8, parsed) from "jar:file:/C:/Users/29507/.m2/repository/com/baomidou/mybatis-plus-generator/3.3.0/mybatis-plus-generator-3.3.0.jar!/templates/serviceImpl.java.ftl"
模板:/templates/serviceImpl.java.ftl;  文件:D:\workSpace\LearnJava/src/main/java\com\baomidou\user\service\impl\UserServiceImpl.java
Couldn't find template in cache for "templates/controller.java.ftl"("zh_CN", UTF-8, parsed); will try to load it.
TemplateLoader.findTemplateSource("templates/controller.java_zh_CN.ftl"): Not found
TemplateLoader.findTemplateSource("templates/controller.java_zh.ftl"): Not found
TemplateLoader.findTemplateSource("templates/controller.java.ftl"): Found
Loading template for "templates/controller.java.ftl"("zh_CN", UTF-8, parsed) from "jar:file:/C:/Users/29507/.m2/repository/com/baomidou/mybatis-plus-generator/3.3.0/mybatis-plus-generator-3.3.0.jar!/templates/controller.java.ftl"
模板:/templates/controller.java.ftl;  文件:D:\workSpace\LearnJava/src/main/java\com\baomidou\user\controller\UserController.java
==========================文件生成完成！！！==========================
==========================准备生成文件...==========================
创建目录： [D:\workSpace\LearnJava/src/test/java\com\user\entity]
创建目录： [D:\workSpace\LearnJava/src/test/java\com\user\controller]
创建目录： [D:\workSpace\LearnJava/src/test/java\com\user\mapper\xml]
创建目录： [D:\workSpace\LearnJava/src/test/java\com\user\service]
创建目录： [D:\workSpace\LearnJava/src/test/java\com\user\service\impl]
Couldn't find template in cache for "templates/entity.java.ftl"("zh_CN", UTF-8, parsed); will try to load it.
TemplateLoader.findTemplateSource("templates/entity.java_zh_CN.ftl"): Not found
TemplateLoader.findTemplateSource("templates/entity.java_zh.ftl"): Not found
TemplateLoader.findTemplateSource("templates/entity.java.ftl"): Found
Loading template for "templates/entity.java.ftl"("zh_CN", UTF-8, parsed) from "jar:file:/C:/Users/29507/.m2/repository/com/baomidou/mybatis-plus-generator/3.3.0/mybatis-plus-generator-3.3.0.jar!/templates/entity.java.ftl"
模板:/templates/entity.java.ftl;  文件:D:\workSpace\LearnJava/src/test/java\com\user\entity\EbUser.java
Couldn't find template in cache for "templates/mapper.java.ftl"("zh_CN", UTF-8, parsed); will try to load it.
TemplateLoader.findTemplateSource("templates/mapper.java_zh_CN.ftl"): Not found
TemplateLoader.findTemplateSource("templates/mapper.java_zh.ftl"): Not found
TemplateLoader.findTemplateSource("templates/mapper.java.ftl"): Found
Loading template for "templates/mapper.java.ftl"("zh_CN", UTF-8, parsed) from "jar:file:/C:/Users/29507/.m2/repository/com/baomidou/mybatis-plus-generator/3.3.0/mybatis-plus-generator-3.3.0.jar!/templates/mapper.java.ftl"
模板:/templates/mapper.java.ftl;  文件:D:\workSpace\LearnJava/src/test/java\com\user\mapper\EbUserMapper.java
Couldn't find template in cache for "templates/mapper.xml.ftl"("zh_CN", UTF-8, parsed); will try to load it.
TemplateLoader.findTemplateSource("templates/mapper.xml_zh_CN.ftl"): Not found
TemplateLoader.findTemplateSource("templates/mapper.xml_zh.ftl"): Not found
TemplateLoader.findTemplateSource("templates/mapper.xml.ftl"): Found
Loading template for "templates/mapper.xml.ftl"("zh_CN", UTF-8, parsed) from "jar:file:/C:/Users/29507/.m2/repository/com/baomidou/mybatis-plus-generator/3.3.0/mybatis-plus-generator-3.3.0.jar!/templates/mapper.xml.ftl"
模板:/templates/mapper.xml.ftl;  文件:D:\workSpace\LearnJava/src/test/java\com\user\mapper\xml\EbUserMapper.xml
Couldn't find template in cache for "templates/service.java.ftl"("zh_CN", UTF-8, parsed); will try to load it.
TemplateLoader.findTemplateSource("templates/service.java_zh_CN.ftl"): Not found
TemplateLoader.findTemplateSource("templates/service.java_zh.ftl"): Not found
TemplateLoader.findTemplateSource("templates/service.java.ftl"): Found
Loading template for "templates/service.java.ftl"("zh_CN", UTF-8, parsed) from "jar:file:/C:/Users/29507/.m2/repository/com/baomidou/mybatis-plus-generator/3.3.0/mybatis-plus-generator-3.3.0.jar!/templates/service.java.ftl"
模板:/templates/service.java.ftl;  文件:D:\workSpace\LearnJava/src/test/java\com\user\service\IEbUserService.java
Couldn't find template in cache for "templates/serviceImpl.java.ftl"("zh_CN", UTF-8, parsed); will try to load it.
TemplateLoader.findTemplateSource("templates/serviceImpl.java_zh_CN.ftl"): Not found
TemplateLoader.findTemplateSource("templates/serviceImpl.java_zh.ftl"): Not found
TemplateLoader.findTemplateSource("templates/serviceImpl.java.ftl"): Found
Loading template for "templates/serviceImpl.java.ftl"("zh_CN", UTF-8, parsed) from "jar:file:/C:/Users/29507/.m2/repository/com/baomidou/mybatis-plus-generator/3.3.0/mybatis-plus-generator-3.3.0.jar!/templates/serviceImpl.java.ftl"
模板:/templates/serviceImpl.java.ftl;  文件:D:\workSpace\LearnJava/src/test/java\com\user\service\impl\EbUserServiceImpl.java
Couldn't find template in cache for "templates/controller.java.ftl"("zh_CN", UTF-8, parsed); will try to load it.
TemplateLoader.findTemplateSource("templates/controller.java_zh_CN.ftl"): Not found
TemplateLoader.findTemplateSource("templates/controller.java_zh.ftl"): Not found
TemplateLoader.findTemplateSource("templates/controller.java.ftl"): Found
Loading template for "templates/controller.java.ftl"("zh_CN", UTF-8, parsed) from "jar:file:/C:/Users/29507/.m2/repository/com/baomidou/mybatis-plus-generator/3.3.0/mybatis-plus-generator-3.3.0.jar!/templates/controller.java.ftl"
模板:/templates/controller.java.ftl;  文件:D:\workSpace\LearnJava/src/test/java\com\user\controller\EbUserController.java
==========================文件生成完成！！！==========================
